<?xml version="1.0" encoding="UTF-8"?>
<testsuites name="TS_SmokeTest_E2E_LeedOnline" time="185" tests="1" failures="1" errors="0">
   <testsuite name="TS_SmokeTest_E2E_LeedOnline" tests="1" failures="1" errors="0" time="185" timestamp="2019-03-01 19:31:39" hostname="PromantusInc - G10PROLT028" id="Test Suites/SmokeTest/TS_SmokeTest_E2E_LeedOnline">
      <properties>
         <property name="deviceName" value=""/>
         <property name="devicePlatform" value=""/>
         <property name="logFolder" value="F:\\BDD\\Usgbc_Leed\\Usgbc_LeedOnline\\Reports\\SmokeTest\\TS_SmokeTest_E2E_LeedOnline\\20190301_193138"/>
         <property name="logFiles" value="F:\\BDD\\Usgbc_Leed\\Usgbc_LeedOnline\\Reports\\SmokeTest\\TS_SmokeTest_E2E_LeedOnline\\20190301_193138\\execution0.log"/>
         <property name="attachments" value="F:\\BDD\\Usgbc_Leed\\Usgbc_LeedOnline\\Reports\\SmokeTest\\TS_SmokeTest_E2E_LeedOnline\\20190301_193138\\1551448991826.png"/>
         <property name="hostName" value="PromantusInc - G10PROLT028"/>
         <property name="os" value="Windows 10 64bit"/>
         <property name="katalonVersion" value="5.10.1.1"/>
         <property name="browser" value="Chrome 72.0.3626.119"/>
         <property name="hostAddress" value="192.168.1.29"/>
         <property name="sessionId" value="c20b1ff7f62e6bc94b7a1c4934a95995"/>
         <property name="seleniumVersion" value="3.7.1"/>
         <property name="proxyInformation" value="ProxyInformation{proxyOption=NO_PROXY, proxyServerType=HTTP, password=, proxyServerAddress=, proxyServerPort=0}"/>
         <property name="platform" value="Windows 10"/>
      </properties>
      <testcase name="Test Cases/SmokeTest/TC_Project_Registration" classname="Test Cases/SmokeTest/TC_Project_Registration" status="FAILED">
         <failure type="FAILED" message="Test Cases/SmokeTest/TC_Project_Registration FAILED.
Reason:
com.kms.katalon.core.exception.StepFailedException: Keyword runWithCucumberRunner was failed (Root cause: groovy.lang.MissingMethodException: No signature of method: static com.kms.katalon.core.keyword.internal.KeywordMain.stepFailed() is applicable for argument types: (java.lang.String) values: [These following reason:
 [Unable to click on object (Root cause: java.lang.IllegalArgumentException: Object is null)]]
Possible solutions: stepFailed(java.lang.String, com.kms.katalon.core.model.FailureHandling), stepFailed(java.lang.String, com.kms.katalon.core.model.FailureHandling, java.lang.String), stepFailed(java.lang.String, com.kms.katalon.core.model.FailureHandling, java.lang.String, java.util.Map))
	at com.kms.katalon.core.keyword.internal.KeywordMain.stepFailed(KeywordMain.groovy:36)
	at com.kms.katalon.core.keyword.internal.KeywordMain.stepFailed(KeywordMain.groovy)
	at com.kms.katalon.core.keyword.internal.KeywordMain.runKeyword(KeywordMain.groovy:56)
	at com.kms.katalon.core.keyword.internal.KeywordMain$runKeyword.call(Unknown Source)
	at com.kms.katalon.core.cucumber.keyword.CucumberBuiltinKeywords.runWithCucumberRunner(CucumberBuiltinKeywords.groovy:257)
	at com.kms.katalon.core.cucumber.keyword.CucumberBuiltinKeywords$runWithCucumberRunner$0.callStatic(Unknown Source)
	at com.kms.katalon.core.cucumber.keyword.CucumberBuiltinKeywords.runWithCucumberRunner(CucumberBuiltinKeywords.groovy:357)
	at com.kms.katalon.core.cucumber.keyword.CucumberBuiltinKeywords$runWithCucumberRunner.call(Unknown Source)
	at TC_Project_Registration.run(TC_Project_Registration:17)
	at com.kms.katalon.core.main.ScriptEngine.run(ScriptEngine.java:194)
	at com.kms.katalon.core.main.ScriptEngine.runScriptAsRawText(ScriptEngine.java:119)
	at com.kms.katalon.core.main.TestCaseExecutor.runScript(TestCaseExecutor.java:328)
	at com.kms.katalon.core.main.TestCaseExecutor.doExecute(TestCaseExecutor.java:319)
	at com.kms.katalon.core.main.TestCaseExecutor.processExecutionPhase(TestCaseExecutor.java:298)
	at com.kms.katalon.core.main.TestCaseExecutor.accessMainPhase(TestCaseExecutor.java:290)
	at com.kms.katalon.core.main.TestCaseExecutor.execute(TestCaseExecutor.java:224)
	at com.kms.katalon.core.main.TestSuiteExecutor.accessTestCaseMainPhase(TestSuiteExecutor.java:129)
	at com.kms.katalon.core.main.TestSuiteExecutor.accessTestSuiteMainPhase(TestSuiteExecutor.java:112)
	at com.kms.katalon.core.main.TestSuiteExecutor.execute(TestSuiteExecutor.java:81)
	at com.kms.katalon.core.main.TestCaseMain.startTestSuite(TestCaseMain.java:149)
	at com.kms.katalon.core.main.TestCaseMain$startTestSuite$0.call(Unknown Source)
	at TempTestSuite1551448898144.run(TempTestSuite1551448898144.groovy:36)
"/>
         <system-out><![CDATA[2019-03-01 19:31:40 - [TEST_CASE][FAILED] - Test Cases/SmokeTest/TC_Project_Registration: Test Cases/SmokeTest/TC_Project_Registration FAILED.
Reason:
com.kms.katalon.core.exception.StepFailedException: Keyword runWithCucumberRunner was failed (Root cause: groovy.lang.MissingMethodException: No signature of method: static com.kms.katalon.core.keyword.internal.KeywordMain.stepFailed() is applicable for argument types: (java.lang.String) values: [These following reason:
 [Unable to click on object (Root cause: java.lang.IllegalArgumentException: Object is null)]]
Possible solutions: stepFailed(java.lang.String, com.kms.katalon.core.model.FailureHandling), stepFailed(java.lang.String, com.kms.katalon.core.model.FailureHandling, java.lang.String), stepFailed(java.lang.String, com.kms.katalon.core.model.FailureHandling, java.lang.String, java.util.Map))
	at com.kms.katalon.core.keyword.internal.KeywordMain.stepFailed(KeywordMain.groovy:36)
	at com.kms.katalon.core.keyword.internal.KeywordMain.stepFailed(KeywordMain.groovy)
	at com.kms.katalon.core.keyword.internal.KeywordMain.runKeyword(KeywordMain.groovy:56)
	at com.kms.katalon.core.keyword.internal.KeywordMain$runKeyword.call(Unknown Source)
	at com.kms.katalon.core.cucumber.keyword.CucumberBuiltinKeywords.runWithCucumberRunner(CucumberBuiltinKeywords.groovy:257)
	at com.kms.katalon.core.cucumber.keyword.CucumberBuiltinKeywords$runWithCucumberRunner$0.callStatic(Unknown Source)
	at com.kms.katalon.core.cucumber.keyword.CucumberBuiltinKeywords.runWithCucumberRunner(CucumberBuiltinKeywords.groovy:357)
	at com.kms.katalon.core.cucumber.keyword.CucumberBuiltinKeywords$runWithCucumberRunner.call(Unknown Source)
	at TC_Project_Registration.run(TC_Project_Registration:17)
	at com.kms.katalon.core.main.ScriptEngine.run(ScriptEngine.java:194)
	at com.kms.katalon.core.main.ScriptEngine.runScriptAsRawText(ScriptEngine.java:119)
	at com.kms.katalon.core.main.TestCaseExecutor.runScript(TestCaseExecutor.java:328)
	at com.kms.katalon.core.main.TestCaseExecutor.doExecute(TestCaseExecutor.java:319)
	at com.kms.katalon.core.main.TestCaseExecutor.processExecutionPhase(TestCaseExecutor.java:298)
	at com.kms.katalon.core.main.TestCaseExecutor.accessMainPhase(TestCaseExecutor.java:290)
	at com.kms.katalon.core.main.TestCaseExecutor.execute(TestCaseExecutor.java:224)
	at com.kms.katalon.core.main.TestSuiteExecutor.accessTestCaseMainPhase(TestSuiteExecutor.java:129)
	at com.kms.katalon.core.main.TestSuiteExecutor.accessTestSuiteMainPhase(TestSuiteExecutor.java:112)
	at com.kms.katalon.core.main.TestSuiteExecutor.execute(TestSuiteExecutor.java:81)
	at com.kms.katalon.core.main.TestCaseMain.startTestSuite(TestCaseMain.java:149)
	at com.kms.katalon.core.main.TestCaseMain$startTestSuite$0.call(Unknown Source)
	at TempTestSuite1551448898144.run(TempTestSuite1551448898144.groovy:36)


2019-03-01 19:31:40 - [TEST_STEP][FAILED] - runWithCucumberRunner(testRunner.ProjectRegistrationRunner): runWithCucumberRunner(testRunner.ProjectRegistrationRunner) FAILED.
Reason:
com.kms.katalon.core.exception.StepFailedException: Keyword runWithCucumberRunner was failed (Root cause: groovy.lang.MissingMethodException: No signature of method: static com.kms.katalon.core.keyword.internal.KeywordMain.stepFailed() is applicable for argument types: (java.lang.String) values: [These following reason:
 [Unable to click on object (Root cause: java.lang.IllegalArgumentException: Object is null)]]
Possible solutions: stepFailed(java.lang.String, com.kms.katalon.core.model.FailureHandling), stepFailed(java.lang.String, com.kms.katalon.core.model.FailureHandling, java.lang.String), stepFailed(java.lang.String, com.kms.katalon.core.model.FailureHandling, java.lang.String, java.util.Map))
	at com.kms.katalon.core.keyword.internal.KeywordMain.stepFailed(KeywordMain.groovy:36)
	at com.kms.katalon.core.keyword.internal.KeywordMain.stepFailed(KeywordMain.groovy)
	at com.kms.katalon.core.keyword.internal.KeywordMain.runKeyword(KeywordMain.groovy:56)
	at com.kms.katalon.core.keyword.internal.KeywordMain$runKeyword.call(Unknown Source)
	at com.kms.katalon.core.cucumber.keyword.CucumberBuiltinKeywords.runWithCucumberRunner(CucumberBuiltinKeywords.groovy:257)
	at com.kms.katalon.core.cucumber.keyword.CucumberBuiltinKeywords$runWithCucumberRunner$0.callStatic(Unknown Source)
	at com.kms.katalon.core.cucumber.keyword.CucumberBuiltinKeywords.runWithCucumberRunner(CucumberBuiltinKeywords.groovy:357)
	at com.kms.katalon.core.cucumber.keyword.CucumberBuiltinKeywords$runWithCucumberRunner.call(Unknown Source)
	at TC_Project_Registration.run(TC_Project_Registration:17)
	at com.kms.katalon.core.main.ScriptEngine.run(ScriptEngine.java:194)
	at com.kms.katalon.core.main.ScriptEngine.runScriptAsRawText(ScriptEngine.java:119)
	at com.kms.katalon.core.main.TestCaseExecutor.runScript(TestCaseExecutor.java:328)
	at com.kms.katalon.core.main.TestCaseExecutor.doExecute(TestCaseExecutor.java:319)
	at com.kms.katalon.core.main.TestCaseExecutor.processExecutionPhase(TestCaseExecutor.java:298)
	at com.kms.katalon.core.main.TestCaseExecutor.accessMainPhase(TestCaseExecutor.java:290)
	at com.kms.katalon.core.main.TestCaseExecutor.execute(TestCaseExecutor.java:224)
	at com.kms.katalon.core.main.TestSuiteExecutor.accessTestCaseMainPhase(TestSuiteExecutor.java:129)
	at com.kms.katalon.core.main.TestSuiteExecutor.accessTestSuiteMainPhase(TestSuiteExecutor.java:112)
	at com.kms.katalon.core.main.TestSuiteExecutor.execute(TestSuiteExecutor.java:81)
	at com.kms.katalon.core.main.TestCaseMain.startTestSuite(TestCaseMain.java:149)
	at com.kms.katalon.core.main.TestCaseMain$startTestSuite$0.call(Unknown Source)
	at TempTestSuite1551448898144.run(TempTestSuite1551448898144.groovy:36)


2019-03-01 19:31:41 - [MESSAGE][INFO] - Starting 'Chrome' driver

2019-03-01 19:31:41 - [MESSAGE][INFO] - Action delay is set to 0 seconds

2019-03-01 19:31:45 - [MESSAGE][PASSED] - Browser is opened with url: ''

2019-03-01 19:31:46 - [MESSAGE][PASSED] - Current window maximized

2019-03-01 19:31:58 - [MESSAGE][PASSED] - Navigate to 'https://leedonline-stg.usgbc.org' successfully

2019-03-01 19:32:00 - [MESSAGE][PASSED] - Delayed 2 second(s)

2019-03-01 19:32:00 - [MESSAGE][PASSED] - Text 'jaypeejay@hotmail.com' is set on object 'Object Repository/Project_Registration/Page_LEED Online/input_Log username'

2019-03-01 19:32:00 - [MESSAGE][PASSED] - Text 'initpass' is set on object 'Object Repository/Project_Registration/Page_LEED Online/input_Log password'

2019-03-01 19:32:03 - [MESSAGE][PASSED] - Delayed 3 second(s)

2019-03-01 19:32:03 - [MESSAGE][WARNING] - Timeout '0' is invalid. Using default page load timeout: '30'

2019-03-01 19:32:03 - [MESSAGE][PASSED] - Scroll to object 'Object Repository/Project_Registration/Page_LEED Online/span_End User License Agreemen' successfully

2019-03-01 19:32:03 - [MESSAGE][PASSED] - Object 'Object Repository/Project_Registration/Page_LEED Online/span_End User License Agreemen' is checked

2019-03-01 19:32:05 - [MESSAGE][PASSED] - Delayed 2 second(s)

2019-03-01 19:32:05 - [MESSAGE][PASSED] - Object: 'Object Repository/Project_Registration/Page_LEED Online/button_Log In' is clicked on

2019-03-01 19:32:08 - [MESSAGE][PASSED] - Delayed 3 second(s)

2019-03-01 19:32:18 - [MESSAGE][PASSED] - Object: 'Object Repository/Project_Registration/Page_LEED Online/Page_LEED Online/div_Create new Project' is clicked on

2019-03-01 19:32:18 - [MESSAGE][PASSED] - Text 'BDDAuto001' is set on object 'Object Repository/Project_Registration/Detail/Page_LEED Online/input_Name_name'

2019-03-01 19:32:18 - [MESSAGE][PASSED] - Object: 'Object Repository/Project_Registration/Detail/Page_LEED Online/span_No_checked' is clicked on

2019-03-01 19:32:19 - [MESSAGE][PASSED] - Object: 'Object Repository/Project_Registration/Detail/Page_LEED Online/select_LEED v4 BDC New Constru' is clicked on

2019-03-01 19:32:19 - [MESSAGE][PASSED] - Object: 'Object Repository/Project_Registration/Detail/Page_LEED Online/span_IP units_checked' is clicked on

2019-03-01 19:32:22 - [MESSAGE][PASSED] - Delayed 3 second(s)

2019-03-01 19:32:25 - [MESSAGE][PASSED] - Delayed 3 second(s)

2019-03-01 19:32:25 - [MESSAGE][PASSED] - Object: 'Object Repository/Project_Registration/calender/Page_LEED Online/select_Select project typeAirp' is clicked on

2019-03-01 19:32:26 - [MESSAGE][PASSED] - All options with value 'Airport: Distribution Center' are selected in object 'Object Repository/Project_Registration/calender/Page_LEED Online/select_Select project typeAirp'  using regular expression

2019-03-01 19:32:26 - [MESSAGE][PASSED] - Text '1000' is set on object 'Object Repository/Project_Registration/Detail/Page_LEED Online/input_Gross floor area_grossFo'

2019-03-01 19:32:28 - [MESSAGE][PASSED] - Delayed 2 second(s)

2019-03-01 19:32:28 - [MESSAGE][PASSED] - Text 'J & S Real Assets, LLC' is set on object 'Object Repository/Project_Registration/Detail/Page_LEED Online/input_Owner_organization'

2019-03-01 19:32:30 - [MESSAGE][PASSED] - Delayed 2 second(s)

2019-03-01 19:32:30 - [MESSAGE][PASSED] - Text 'Jancy Rani' is set on object 'Object Repository/Project_Registration/Detail/Page_LEED Online/input_concat(Owner  s Represen'

2019-03-01 19:32:31 - [MESSAGE][PASSED] - All options with value 'Business Improvement District' are selected in object 'Object Repository/Project_Registration/Detail/Page_LEED Online/select_Select owner typeBusine'  using regular expression

2019-03-01 19:32:31 - [MESSAGE][PASSED] - Object: 'Object Repository/Project_Registration/Detail/Page_LEED Online/select_Select owner typeBusine' is clicked on

2019-03-01 19:32:33 - [MESSAGE][PASSED] - Delayed 2 second(s)

2019-03-01 19:32:33 - [MESSAGE][PASSED] - Text 'gokulthiru22@gmail.com' is set on object 'Object Repository/Project_Registration/Detail/Page_LEED Online/input_Email_email'

2019-03-01 19:32:33 - [MESSAGE][PASSED] - Object: 'Object Repository/Project_Registration/Detail/Page_LEED Online/input_This project is private_' is clicked on

2019-03-01 19:32:33 - [MESSAGE][PASSED] - Text '9338 Carpenter St.' is set on object 'Object Repository/Project_Registration/Detail/Page_LEED Online/input_Address 1_address1'

2019-03-01 19:32:34 - [MESSAGE][PASSED] - Text '9338 Carpenter St.' is set on object 'Object Repository/Project_Registration/Detail/Page_LEED Online/input_Address 2_address2'

2019-03-01 19:32:34 - [MESSAGE][PASSED] - Text 'Waukesha' is set on object 'Object Repository/Project_Registration/Detail/Page_LEED Online/input_City_city'

2019-03-01 19:32:34 - [MESSAGE][PASSED] - Object: 'Object Repository/Project_Registration/Detail/Page_LEED Online/div_City' is clicked on

2019-03-01 19:32:34 - [MESSAGE][PASSED] - Object: 'Object Repository/Project_Registration/Detail/Page_LEED Online/select_AlabamaAlaskaAmerican S' is clicked on

2019-03-01 19:32:34 - [MESSAGE][PASSED] - Text '46526' is set on object 'Object Repository/Project_Registration/Detail/Page_LEED Online/input_Postal code_postalcode'

2019-03-01 19:32:35 - [MESSAGE][PASSED] - Text '41.582272' is set on object 'Object Repository/Project_Registration/Detail/Page_LEED Online/input_Geo location_geoLat'

2019-03-01 19:32:35 - [MESSAGE][PASSED] - Text '-85.834438' is set on object 'Object Repository/Project_Registration/Detail/Page_LEED Online/input_Geo location_geoLng'

2019-03-01 19:32:35 - [MESSAGE][PASSED] - Object: 'Object Repository/Project_Registration/Detail/Page_LEED Online/input_Geo location_fActionsSub' is clicked on

2019-03-01 19:32:40 - [MESSAGE][PASSED] - Delayed 5 second(s)

2019-03-01 19:32:45 - [MESSAGE][PASSED] - Keys 'END + ' sent to object: 'Object Repository/Project_Registration/agrrement verifi/Page_LEED Online/iframe'

2019-03-01 19:32:47 - [MESSAGE][PASSED] - Delayed 2 second(s)

2019-03-01 19:32:47 - [MESSAGE][PASSED] - Keys 'HOME + ' sent to object: 'Object Repository/Project_Registration/agrrement verifi/Page_LEED Online/iframe'

2019-03-01 19:32:49 - [MESSAGE][PASSED] - Delayed 2 second(s)

2019-03-01 19:32:49 - [MESSAGE][PASSED] - Keys 'END + ' sent to object: 'Object Repository/Project_Registration/agrrement verifi/Page_LEED Online/iframe'

2019-03-01 19:32:51 - [MESSAGE][PASSED] - Delayed 2 second(s)

2019-03-01 19:32:51 - [MESSAGE][PASSED] - Scroll to object 'Object Repository/Project_Registration/agrrement verifi/Page_LEED Online/button_I AGREE' successfully

2019-03-01 19:32:53 - [MESSAGE][PASSED] - Delayed 2 second(s)

2019-03-01 19:32:53 - [MESSAGE][PASSED] - Object: 'Object Repository/Project_Registration/agrrement verifi/Page_LEED Online/button_I AGREE' is clicked on

2019-03-01 19:33:04 - [MESSAGE][PASSED] - Object 'Object Repository/Project_Registration/payment page/Page_LEED Online/input_Payment type_payment_typ' is visible

2019-03-01 19:33:04 - [MESSAGE][PASSED] - Object: 'Object Repository/Project_Registration/payment page/Page_LEED Online/input_Payment type_payment_typ' is clicked on

2019-03-01 19:33:04 - [MESSAGE][PASSED] - Object: 'Object Repository/Project_Registration/payment page/Page_LEED Online/input_Payment type_payment_typ' is clicked on

2019-03-01 19:33:04 - [MESSAGE][PASSED] - Object: 'Object Repository/Project_Registration/payment page/Page_LEED Online/input_Card type_card_type' is clicked on

2019-03-01 19:33:04 - [MESSAGE][PASSED] - Text 'gokul' is set on object 'Object Repository/Project_Registration/payment page/Page_LEED Online/input_Name on card_card-name'

2019-03-01 19:33:04 - [MESSAGE][PASSED] - Text '4111111111111111' is set on object 'Object Repository/Project_Registration/payment page/Page_LEED Online/input_Card number_card-number'

2019-03-01 19:33:05 - [MESSAGE][PASSED] - Text '999' is set on object 'Object Repository/Project_Registration/payment page/Page_LEED Online/input_CVV_card-cvv'

2019-03-01 19:33:05 - [MESSAGE][PASSED] - All options with value '07' are selected in object 'Object Repository/Project_Registration/payment page/Page_LEED Online/select_01020304050607080910111'  using regular expression

2019-03-01 19:33:05 - [MESSAGE][PASSED] - All options with value '2021' are selected in object 'Object Repository/Project_Registration/payment page/Page_LEED Online/select_20192020202120222023202'  using regular expression

2019-03-01 19:33:05 - [MESSAGE][PASSED] - Text 'john james p' is set on object 'Object Repository/Project_Registration/payment page/Page_LEED Online/input_Bill-to-party name_billN'

2019-03-01 19:33:05 - [MESSAGE][PASSED] - Text 'gokulthiru22@gmail.com' is set on object 'Object Repository/Project_Registration/payment page/Page_LEED Online/input_Bill-to-party email_bill'

2019-03-01 19:33:05 - [MESSAGE][PASSED] - Text '9338 Carpenter St.' is set on object 'Object Repository/Project_Registration/payment page/Page_LEED Online/input_Address 2_address2_20'

2019-03-01 19:33:06 - [MESSAGE][PASSED] - Text '9338 Carpenter St.' is set on object 'Object Repository/Project_Registration/payment page/Page_LEED Online/input_Address 2_address2_21'

2019-03-01 19:33:06 - [MESSAGE][PASSED] - Text 'Waukesha' is set on object 'Object Repository/Project_Registration/payment page/Page_LEED Online/input_City_city'

2019-03-01 19:33:09 - [MESSAGE][PASSED] - All options with value 'US' are selected in object 'Object Repository/Project_Registration/payment page/Page_LEED Online/select_AfghanistanAland Island'  using regular expression

2019-03-01 19:33:09 - [MESSAGE][PASSED] - All options with value 'IN ' are selected in object 'Object Repository/Project_Registration/payment page/Page_LEED Online/select_AlabamaAlaskaAmerican S'  using regular expression

2019-03-01 19:33:09 - [MESSAGE][PASSED] - Text '46526' is set on object 'Object Repository/Project_Registration/payment page/Page_LEED Online/input_Postal code_postalcode'

2019-03-01 19:33:10 - [MESSAGE][PASSED] - Object: 'Object Repository/Project_Registration/payment page/Page_LEED Online/a_Submit Payment' is clicked on

2019-03-01 19:33:11 - [MESSAGE][PASSED] - Object: 'Object Repository/Project_Registration/payment2/Page_/span_close' is clicked on

2019-03-01 19:33:11 - [MESSAGE][WARNING] - Test object with id 'Object Repository/payment page/Paymentpage_LEED Online/a_Submit Payment' does not exist

2019-03-01 19:33:11 - [MESSAGE][WARNING] - Test object with id 'Object Repository/' does not exist

2019-03-01 19:33:12 - [MESSAGE][FAILED] - Unable to click on object (Root cause: java.lang.IllegalArgumentException: Object is null)
[[ATTACHMENT|F:\\BDD\\Usgbc_Leed\\Usgbc_LeedOnline\\Reports\\SmokeTest\\TS_SmokeTest_E2E_LeedOnline\\20190301_193138\\1551448991826.png]]

2019-03-01 19:33:12 - [MESSAGE][PASSED] - Object 'Object Repository/Project_Registration/Receipt/Page_LEED Online/td_v4.1 Interiors BP02' is visible

2019-03-01 19:33:13 - [MESSAGE][PASSED] - Object: 'Object Repository/Project_Registration/Receipt/Page_LEED Online/a_Print Order' is clicked on

2019-03-01 19:33:18 - [MESSAGE][PASSED] - Delayed 5 second(s)

2019-03-01 19:33:20 - [MESSAGE][PASSED] - Switched to window with title: 'LEED Online'

2019-03-01 19:33:43 - [MESSAGE][PASSED] - Scroll to object 'Object Repository/Project_Registration/Receipt/Page_LEED Online/a_Done' successfully

2019-03-01 19:33:44 - [MESSAGE][PASSED] - Object: 'Object Repository/Project_Registration/Receipt/Page_LEED Online/a_Done' is clicked on

2019-03-01 19:33:44 - [MESSAGE][FAILED] - Keyword runWithCucumberRunner was failed (Root cause: groovy.lang.MissingMethodException: No signature of method: static com.kms.katalon.core.keyword.internal.KeywordMain.stepFailed() is applicable for argument types: (java.lang.String) values: [These following reason:
 [Unable to click on object (Root cause: java.lang.IllegalArgumentException: Object is null)]]
Possible solutions: stepFailed(java.lang.String, com.kms.katalon.core.model.FailureHandling), stepFailed(java.lang.String, com.kms.katalon.core.model.FailureHandling, java.lang.String), stepFailed(java.lang.String, com.kms.katalon.core.model.FailureHandling, java.lang.String, java.util.Map))

2019-03-01 19:33:44 - [MESSAGE][FAILED] - runWithCucumberRunner(testRunner.ProjectRegistrationRunner) FAILED.
Reason:
com.kms.katalon.core.exception.StepFailedException: Keyword runWithCucumberRunner was failed (Root cause: groovy.lang.MissingMethodException: No signature of method: static com.kms.katalon.core.keyword.internal.KeywordMain.stepFailed() is applicable for argument types: (java.lang.String) values: [These following reason:
 [Unable to click on object (Root cause: java.lang.IllegalArgumentException: Object is null)]]
Possible solutions: stepFailed(java.lang.String, com.kms.katalon.core.model.FailureHandling), stepFailed(java.lang.String, com.kms.katalon.core.model.FailureHandling, java.lang.String), stepFailed(java.lang.String, com.kms.katalon.core.model.FailureHandling, java.lang.String, java.util.Map))
	at com.kms.katalon.core.keyword.internal.KeywordMain.stepFailed(KeywordMain.groovy:36)
	at com.kms.katalon.core.keyword.internal.KeywordMain.stepFailed(KeywordMain.groovy)
	at com.kms.katalon.core.keyword.internal.KeywordMain.runKeyword(KeywordMain.groovy:56)
	at com.kms.katalon.core.keyword.internal.KeywordMain$runKeyword.call(Unknown Source)
	at com.kms.katalon.core.cucumber.keyword.CucumberBuiltinKeywords.runWithCucumberRunner(CucumberBuiltinKeywords.groovy:257)
	at com.kms.katalon.core.cucumber.keyword.CucumberBuiltinKeywords$runWithCucumberRunner$0.callStatic(Unknown Source)
	at com.kms.katalon.core.cucumber.keyword.CucumberBuiltinKeywords.runWithCucumberRunner(CucumberBuiltinKeywords.groovy:357)
	at com.kms.katalon.core.cucumber.keyword.CucumberBuiltinKeywords$runWithCucumberRunner.call(Unknown Source)
	at TC_Project_Registration.run(TC_Project_Registration:17)
	at com.kms.katalon.core.main.ScriptEngine.run(ScriptEngine.java:194)
	at com.kms.katalon.core.main.ScriptEngine.runScriptAsRawText(ScriptEngine.java:119)
	at com.kms.katalon.core.main.TestCaseExecutor.runScript(TestCaseExecutor.java:328)
	at com.kms.katalon.core.main.TestCaseExecutor.doExecute(TestCaseExecutor.java:319)
	at com.kms.katalon.core.main.TestCaseExecutor.processExecutionPhase(TestCaseExecutor.java:298)
	at com.kms.katalon.core.main.TestCaseExecutor.accessMainPhase(TestCaseExecutor.java:290)
	at com.kms.katalon.core.main.TestCaseExecutor.execute(TestCaseExecutor.java:224)
	at com.kms.katalon.core.main.TestSuiteExecutor.accessTestCaseMainPhase(TestSuiteExecutor.java:129)
	at com.kms.katalon.core.main.TestSuiteExecutor.accessTestSuiteMainPhase(TestSuiteExecutor.java:112)
	at com.kms.katalon.core.main.TestSuiteExecutor.execute(TestSuiteExecutor.java:81)
	at com.kms.katalon.core.main.TestCaseMain.startTestSuite(TestCaseMain.java:149)
	at com.kms.katalon.core.main.TestCaseMain$startTestSuite$0.call(Unknown Source)
	at TempTestSuite1551448898144.run(TempTestSuite1551448898144.groovy:36)]]></system-out>
         <system-err><![CDATA[2019-03-01 19:31:40 - [TEST_CASE][FAILED] - Test Cases/SmokeTest/TC_Project_Registration: Test Cases/SmokeTest/TC_Project_Registration FAILED.
Reason:
com.kms.katalon.core.exception.StepFailedException: Keyword runWithCucumberRunner was failed (Root cause: groovy.lang.MissingMethodException: No signature of method: static com.kms.katalon.core.keyword.internal.KeywordMain.stepFailed() is applicable for argument types: (java.lang.String) values: [These following reason:
 [Unable to click on object (Root cause: java.lang.IllegalArgumentException: Object is null)]]
Possible solutions: stepFailed(java.lang.String, com.kms.katalon.core.model.FailureHandling), stepFailed(java.lang.String, com.kms.katalon.core.model.FailureHandling, java.lang.String), stepFailed(java.lang.String, com.kms.katalon.core.model.FailureHandling, java.lang.String, java.util.Map))
	at com.kms.katalon.core.keyword.internal.KeywordMain.stepFailed(KeywordMain.groovy:36)
	at com.kms.katalon.core.keyword.internal.KeywordMain.stepFailed(KeywordMain.groovy)
	at com.kms.katalon.core.keyword.internal.KeywordMain.runKeyword(KeywordMain.groovy:56)
	at com.kms.katalon.core.keyword.internal.KeywordMain$runKeyword.call(Unknown Source)
	at com.kms.katalon.core.cucumber.keyword.CucumberBuiltinKeywords.runWithCucumberRunner(CucumberBuiltinKeywords.groovy:257)
	at com.kms.katalon.core.cucumber.keyword.CucumberBuiltinKeywords$runWithCucumberRunner$0.callStatic(Unknown Source)
	at com.kms.katalon.core.cucumber.keyword.CucumberBuiltinKeywords.runWithCucumberRunner(CucumberBuiltinKeywords.groovy:357)
	at com.kms.katalon.core.cucumber.keyword.CucumberBuiltinKeywords$runWithCucumberRunner.call(Unknown Source)
	at TC_Project_Registration.run(TC_Project_Registration:17)
	at com.kms.katalon.core.main.ScriptEngine.run(ScriptEngine.java:194)
	at com.kms.katalon.core.main.ScriptEngine.runScriptAsRawText(ScriptEngine.java:119)
	at com.kms.katalon.core.main.TestCaseExecutor.runScript(TestCaseExecutor.java:328)
	at com.kms.katalon.core.main.TestCaseExecutor.doExecute(TestCaseExecutor.java:319)
	at com.kms.katalon.core.main.TestCaseExecutor.processExecutionPhase(TestCaseExecutor.java:298)
	at com.kms.katalon.core.main.TestCaseExecutor.accessMainPhase(TestCaseExecutor.java:290)
	at com.kms.katalon.core.main.TestCaseExecutor.execute(TestCaseExecutor.java:224)
	at com.kms.katalon.core.main.TestSuiteExecutor.accessTestCaseMainPhase(TestSuiteExecutor.java:129)
	at com.kms.katalon.core.main.TestSuiteExecutor.accessTestSuiteMainPhase(TestSuiteExecutor.java:112)
	at com.kms.katalon.core.main.TestSuiteExecutor.execute(TestSuiteExecutor.java:81)
	at com.kms.katalon.core.main.TestCaseMain.startTestSuite(TestCaseMain.java:149)
	at com.kms.katalon.core.main.TestCaseMain$startTestSuite$0.call(Unknown Source)
	at TempTestSuite1551448898144.run(TempTestSuite1551448898144.groovy:36)]]></system-err>
      </testcase>
      <testcase name="Test Cases/SmokeTest/TC_Campus_Registration" classname="Test Cases/SmokeTest/TC_Campus_Registration" status="PASSED">
         <system-out><![CDATA[2019-03-01 19:33:44 - [TEST_CASE][PASSED] - Test Cases/SmokeTest/TC_Campus_Registration: Test Cases/SmokeTest/TC_Campus_Registration

2019-03-01 19:33:44 - [TEST_STEP][PASSED] - runWithCucumberRunner(testRunner.CampusRegistrationRunner): Run with 'testRunner.CampusRegistrationRunner' was passed

2019-03-01 19:33:44 - [MESSAGE][WARNING] - A browser is already opened. Closing browser and opening a new one

2019-03-01 19:33:45 - [MESSAGE][INFO] - Starting 'Chrome' driver

2019-03-01 19:33:47 - [MESSAGE][PASSED] - Browser is opened with url: ''

2019-03-01 19:33:48 - [MESSAGE][PASSED] - Current window maximized

2019-03-01 19:33:50 - [MESSAGE][PASSED] - Navigate to 'https://leedonline-stg.usgbc.org' successfully

2019-03-01 19:33:52 - [MESSAGE][PASSED] - Delayed 2 second(s)

2019-03-01 19:33:52 - [MESSAGE][PASSED] - Text 'jaypeejay@hotmail.com' is set on object 'Object Repository/Project_Registration/Page_LEED Online/input_Log username'

2019-03-01 19:33:52 - [MESSAGE][PASSED] - Text 'initpass' is set on object 'Object Repository/Project_Registration/Page_LEED Online/input_Log password'

2019-03-01 19:33:55 - [MESSAGE][PASSED] - Delayed 3 second(s)

2019-03-01 19:33:55 - [MESSAGE][WARNING] - Timeout '0' is invalid. Using default page load timeout: '30'

2019-03-01 19:33:56 - [MESSAGE][PASSED] - Scroll to object 'Object Repository/Project_Registration/Page_LEED Online/span_End User License Agreemen' successfully

2019-03-01 19:33:56 - [MESSAGE][PASSED] - Object 'Object Repository/Project_Registration/Page_LEED Online/span_End User License Agreemen' is checked

2019-03-01 19:33:58 - [MESSAGE][PASSED] - Delayed 2 second(s)

2019-03-01 19:33:58 - [MESSAGE][PASSED] - Object: 'Object Repository/Project_Registration/Page_LEED Online/button_Log In' is clicked on

2019-03-01 19:34:13 - [MESSAGE][PASSED] - Object: 'Object Repository/Campus_Registration/createcampus/Page_LEED Online/a_Campuses' is clicked on

2019-03-01 19:34:15 - [MESSAGE][PASSED] - Delayed 2 second(s)

2019-03-01 19:34:17 - [MESSAGE][PASSED] - Object: 'Object Repository/Campus_Registration/createcampus/Page_LEED Online/a_Create new campus' is clicked on

2019-03-01 19:34:20 - [MESSAGE][PASSED] - Delayed 3 second(s)

2019-03-01 19:34:20 - [MESSAGE][PASSED] - Scroll to object 'Object Repository/Campus_Registration/LEED_log/LEED_campusReg/Page_LEED Online/input_Name_name' successfully

2019-03-01 19:34:20 - [MESSAGE][PASSED] - Text 'TestProjectcampus12' is set on object 'Object Repository/Campus_Registration/LEED_log/LEED_campusReg/Page_LEED Online/input_Name_name'

2019-03-01 19:34:21 - [MESSAGE][PASSED] - Text 'JOHN J NOLIS ARCHITECTURE AND INTERIORS' is set on object 'Object Repository/Campus_Registration/LEED_log/LEED_campusReg/Page_LEED Online/input_Owner_organization'

2019-03-01 19:34:23 - [MESSAGE][PASSED] - Delayed 2 second(s)

2019-03-01 19:34:23 - [MESSAGE][PASSED] - Text '123456789' is set on object 'Object Repository/Campus_Registration/LEED_log/LEED_campusReg/Page_LEED Online/input_concat(Owner  s Represen'

2019-03-01 19:34:23 - [MESSAGE][PASSED] - All options with value 'Educational: College, Private' are selected in object 'Object Repository/Campus_Registration/LEED_camRegtc/Page_LEED Online/select_Select owner typeBusine'  using regular expression

2019-03-01 19:34:26 - [MESSAGE][PASSED] - All options with value 'US' are selected in object 'Object Repository/Campus_Registration/LEED_camRegtc/leedcampus/Page_LEED Online/select_AfghanistanAland Island'  using regular expression

2019-03-01 19:34:26 - [MESSAGE][PASSED] - Text 'testleed@campus.com' is set on object 'Object Repository/Campus_Registration/LEED_log/LEED_campusReg/Page_LEED Online/input_Email_email'

2019-03-01 19:34:26 - [MESSAGE][PASSED] - Text '795' is set on object 'Object Repository/Campus_Registration/LEED_log/LEED_campusReg/Page_LEED Online/input_Address 1_address1'

2019-03-01 19:34:27 - [MESSAGE][PASSED] - Text 'E DRAGRAM' is set on object 'Object Repository/Campus_Registration/LEED_log/LEED_campusReg/Page_LEED Online/input_Address 2_address2'

2019-03-01 19:34:27 - [MESSAGE][PASSED] - Text 'TUCSON' is set on object 'Object Repository/Campus_Registration/LEED_log/LEED_campusReg/Page_LEED Online/input_City_city'

2019-03-01 19:34:30 - [MESSAGE][PASSED] - All options with value 'US' are selected in object 'Object Repository/Campus_Registration/LEED_camRegtc/leedcampus/Page_LEED Online/select_AfghanistanAland Island_2'  using regular expression

2019-03-01 19:34:30 - [MESSAGE][PASSED] - All options with value 'AK ' are selected in object 'Object Repository/Campus_Registration/LEED_camRegtc/leedcampus/Page_LEED Online/select_AlabamaAlaskaAmerican S'  using regular expression

2019-03-01 19:34:30 - [MESSAGE][PASSED] - Text '98104' is set on object 'Object Repository/Campus_Registration/LEED_log/LEED_campusReg/Page_LEED Online/input_Postal code 1_postalcode'

2019-03-01 19:34:31 - [MESSAGE][PASSED] - Object: 'Object Repository/Campus_Registration/LEED_camRegtc/leedcampus/Page_LEED Online/input_Postal code 3_fActionsSu' is clicked on

2019-03-01 19:34:36 - [MESSAGE][PASSED] - Delayed 5 second(s)

2019-03-01 19:34:36 - [MESSAGE][PASSED] - Keys 'END + ' sent to object: 'Object Repository/Project_Registration/agrrement verifi/Page_LEED Online/iframe'

2019-03-01 19:34:38 - [MESSAGE][PASSED] - Delayed 2 second(s)

2019-03-01 19:34:38 - [MESSAGE][PASSED] - Keys 'HOME + ' sent to object: 'Object Repository/Project_Registration/agrrement verifi/Page_LEED Online/iframe'

2019-03-01 19:34:40 - [MESSAGE][PASSED] - Delayed 2 second(s)

2019-03-01 19:34:40 - [MESSAGE][PASSED] - Keys 'END + ' sent to object: 'Object Repository/Project_Registration/agrrement verifi/Page_LEED Online/iframe'

2019-03-01 19:34:42 - [MESSAGE][PASSED] - Delayed 2 second(s)

2019-03-01 19:34:42 - [MESSAGE][PASSED] - Scroll to object 'Object Repository/Project_Registration/agrrement verifi/Page_LEED Online/button_I AGREE' successfully

2019-03-01 19:34:44 - [MESSAGE][PASSED] - Delayed 2 second(s)

2019-03-01 19:34:45 - [MESSAGE][PASSED] - Object: 'Object Repository/Project_Registration/agrrement verifi/Page_LEED Online/button_I AGREE' is clicked on

2019-03-01 19:34:45 - [MESSAGE][PASSED] - Run with 'testRunner.CampusRegistrationRunner' was passed]]></system-out>
         <system-err><![CDATA[]]></system-err>
      </testcase>
      <system-out><![CDATA[2019-03-01 19:31:39 - [TEST_SUITE][FAILED] - TS_SmokeTest_E2E_LeedOnline: Test Cases/SmokeTest/TC_Project_Registration FAILED.
Reason:
com.kms.katalon.core.exception.StepFailedException: Keyword runWithCucumberRunner was failed (Root cause: groovy.lang.MissingMethodException: No signature of method: static com.kms.katalon.core.keyword.internal.KeywordMain.stepFailed() is applicable for argument types: (java.lang.String) values: [These following reason:
 [Unable to click on object (Root cause: java.lang.IllegalArgumentException: Object is null)]]
Possible solutions: stepFailed(java.lang.String, com.kms.katalon.core.model.FailureHandling), stepFailed(java.lang.String, com.kms.katalon.core.model.FailureHandling, java.lang.String), stepFailed(java.lang.String, com.kms.katalon.core.model.FailureHandling, java.lang.String, java.util.Map))
	at com.kms.katalon.core.keyword.internal.KeywordMain.stepFailed(KeywordMain.groovy:36)
	at com.kms.katalon.core.keyword.internal.KeywordMain.stepFailed(KeywordMain.groovy)
	at com.kms.katalon.core.keyword.internal.KeywordMain.runKeyword(KeywordMain.groovy:56)
	at com.kms.katalon.core.keyword.internal.KeywordMain$runKeyword.call(Unknown Source)
	at com.kms.katalon.core.cucumber.keyword.CucumberBuiltinKeywords.runWithCucumberRunner(CucumberBuiltinKeywords.groovy:257)
	at com.kms.katalon.core.cucumber.keyword.CucumberBuiltinKeywords$runWithCucumberRunner$0.callStatic(Unknown Source)
	at com.kms.katalon.core.cucumber.keyword.CucumberBuiltinKeywords.runWithCucumberRunner(CucumberBuiltinKeywords.groovy:357)
	at com.kms.katalon.core.cucumber.keyword.CucumberBuiltinKeywords$runWithCucumberRunner.call(Unknown Source)
	at TC_Project_Registration.run(TC_Project_Registration:17)
	at com.kms.katalon.core.main.ScriptEngine.run(ScriptEngine.java:194)
	at com.kms.katalon.core.main.ScriptEngine.runScriptAsRawText(ScriptEngine.java:119)
	at com.kms.katalon.core.main.TestCaseExecutor.runScript(TestCaseExecutor.java:328)
	at com.kms.katalon.core.main.TestCaseExecutor.doExecute(TestCaseExecutor.java:319)
	at com.kms.katalon.core.main.TestCaseExecutor.processExecutionPhase(TestCaseExecutor.java:298)
	at com.kms.katalon.core.main.TestCaseExecutor.accessMainPhase(TestCaseExecutor.java:290)
	at com.kms.katalon.core.main.TestCaseExecutor.execute(TestCaseExecutor.java:224)
	at com.kms.katalon.core.main.TestSuiteExecutor.accessTestCaseMainPhase(TestSuiteExecutor.java:129)
	at com.kms.katalon.core.main.TestSuiteExecutor.accessTestSuiteMainPhase(TestSuiteExecutor.java:112)
	at com.kms.katalon.core.main.TestSuiteExecutor.execute(TestSuiteExecutor.java:81)
	at com.kms.katalon.core.main.TestCaseMain.startTestSuite(TestCaseMain.java:149)
	at com.kms.katalon.core.main.TestCaseMain$startTestSuite$0.call(Unknown Source)
	at TempTestSuite1551448898144.run(TempTestSuite1551448898144.groovy:36)]]></system-out>
      <system-err><![CDATA[2019-03-01 19:31:39 - [TEST_SUITE][FAILED] - TS_SmokeTest_E2E_LeedOnline: Test Cases/SmokeTest/TC_Project_Registration FAILED.
Reason:
com.kms.katalon.core.exception.StepFailedException: Keyword runWithCucumberRunner was failed (Root cause: groovy.lang.MissingMethodException: No signature of method: static com.kms.katalon.core.keyword.internal.KeywordMain.stepFailed() is applicable for argument types: (java.lang.String) values: [These following reason:
 [Unable to click on object (Root cause: java.lang.IllegalArgumentException: Object is null)]]
Possible solutions: stepFailed(java.lang.String, com.kms.katalon.core.model.FailureHandling), stepFailed(java.lang.String, com.kms.katalon.core.model.FailureHandling, java.lang.String), stepFailed(java.lang.String, com.kms.katalon.core.model.FailureHandling, java.lang.String, java.util.Map))
	at com.kms.katalon.core.keyword.internal.KeywordMain.stepFailed(KeywordMain.groovy:36)
	at com.kms.katalon.core.keyword.internal.KeywordMain.stepFailed(KeywordMain.groovy)
	at com.kms.katalon.core.keyword.internal.KeywordMain.runKeyword(KeywordMain.groovy:56)
	at com.kms.katalon.core.keyword.internal.KeywordMain$runKeyword.call(Unknown Source)
	at com.kms.katalon.core.cucumber.keyword.CucumberBuiltinKeywords.runWithCucumberRunner(CucumberBuiltinKeywords.groovy:257)
	at com.kms.katalon.core.cucumber.keyword.CucumberBuiltinKeywords$runWithCucumberRunner$0.callStatic(Unknown Source)
	at com.kms.katalon.core.cucumber.keyword.CucumberBuiltinKeywords.runWithCucumberRunner(CucumberBuiltinKeywords.groovy:357)
	at com.kms.katalon.core.cucumber.keyword.CucumberBuiltinKeywords$runWithCucumberRunner.call(Unknown Source)
	at TC_Project_Registration.run(TC_Project_Registration:17)
	at com.kms.katalon.core.main.ScriptEngine.run(ScriptEngine.java:194)
	at com.kms.katalon.core.main.ScriptEngine.runScriptAsRawText(ScriptEngine.java:119)
	at com.kms.katalon.core.main.TestCaseExecutor.runScript(TestCaseExecutor.java:328)
	at com.kms.katalon.core.main.TestCaseExecutor.doExecute(TestCaseExecutor.java:319)
	at com.kms.katalon.core.main.TestCaseExecutor.processExecutionPhase(TestCaseExecutor.java:298)
	at com.kms.katalon.core.main.TestCaseExecutor.accessMainPhase(TestCaseExecutor.java:290)
	at com.kms.katalon.core.main.TestCaseExecutor.execute(TestCaseExecutor.java:224)
	at com.kms.katalon.core.main.TestSuiteExecutor.accessTestCaseMainPhase(TestSuiteExecutor.java:129)
	at com.kms.katalon.core.main.TestSuiteExecutor.accessTestSuiteMainPhase(TestSuiteExecutor.java:112)
	at com.kms.katalon.core.main.TestSuiteExecutor.execute(TestSuiteExecutor.java:81)
	at com.kms.katalon.core.main.TestCaseMain.startTestSuite(TestCaseMain.java:149)
	at com.kms.katalon.core.main.TestCaseMain$startTestSuite$0.call(Unknown Source)
	at TempTestSuite1551448898144.run(TempTestSuite1551448898144.groovy:36)]]></system-err>
   </testsuite>
</testsuites>
